<?xml version="1.0" encoding="UTF-8"?>
<!-- Generated by org.testng.reporters.JUnitReportReporter -->
<testsuite skipped="0" hostname="PURNA-PC" name="com.Bookingshop.testcases.TC_005_ShippingAddress" tests="1" failures="0" timestamp="29 Sep 2019 16:08:05 GMT" time="7.068" errors="0">
  <testcase name="ShippinDetails" time="7.068" classname="com.Bookingshop.testcases.TC_005_ShippingAddress"/>
</testsuite> <!-- com.Bookingshop.testcases.TC_005_ShippingAddress -->
