<?xml version="1.0" encoding="UTF-8"?>
<!-- Generated by org.testng.reporters.JUnitReportReporter -->
<testsuite skipped="0" hostname="PURNA-PC" name="com.Bookingshop.testcases.TC_001_Shop_verify" tests="2" failures="0" timestamp="29 Sep 2019 16:08:05 GMT" time="9.764" errors="0">
  <testcase name="Title_Verification" time="3.847" classname="com.Bookingshop.testcases.TC_001_Shop_verify"/>
  <testcase name="count_slides" time="5.917" classname="com.Bookingshop.testcases.TC_001_Shop_verify"/>
</testsuite> <!-- com.Bookingshop.testcases.TC_001_Shop_verify -->
