<?xml version="1.0" encoding="UTF-8"?>
<!-- Generated by org.testng.reporters.JUnitReportReporter -->
<testsuite skipped="0" hostname="PURNA-PC" name="com.Bookingshop.testcases.TC_004_Checkout" tests="1" failures="0" timestamp="29 Sep 2019 16:08:05 GMT" time="8.339" errors="0">
  <testcase name="checkoutpage" time="8.339" classname="com.Bookingshop.testcases.TC_004_Checkout"/>
</testsuite> <!-- com.Bookingshop.testcases.TC_004_Checkout -->
