<?xml version="1.0" encoding="UTF-8"?>
<!-- Generated by org.testng.reporters.JUnitReportReporter -->
<testsuite skipped="0" hostname="PURNA-PC" name="com.Bookingshop.testcases.TC_002_Addtocart" tests="4" failures="0" timestamp="29 Sep 2019 16:08:05 GMT" time="35.395" errors="0">
  <testcase name="Additem" time="7.824" classname="com.Bookingshop.testcases.TC_002_Addtocart"/>
  <testcase name="Addbasket" time="7.237" classname="com.Bookingshop.testcases.TC_002_Addtocart"/>
  <testcase name="imageclick" time="5.110" classname="com.Bookingshop.testcases.TC_002_Addtocart"/>
  <testcase name="popup" time="15.224" classname="com.Bookingshop.testcases.TC_002_Addtocart"/>
</testsuite> <!-- com.Bookingshop.testcases.TC_002_Addtocart -->
