<?xml version="1.0" encoding="UTF-8"?>
<!-- Generated by org.testng.reporters.JUnitReportReporter -->
<testsuite skipped="0" hostname="PURNA-PC" name="com.Bookingshop.testcases.TC_003_ViewBasket" tests="1" failures="0" timestamp="29 Sep 2019 16:08:05 GMT" time="17.612" errors="0">
  <testcase name="Basket" time="17.612" classname="com.Bookingshop.testcases.TC_003_ViewBasket"/>
</testsuite> <!-- com.Bookingshop.testcases.TC_003_ViewBasket -->
