<?xml version="1.0" encoding="UTF-8"?>
<!-- Generated by org.testng.reporters.JUnitReportReporter -->
<testsuite hostname="PURNA-PC" failures="0" tests="4" name="com.Bookingshop.testcases.TC_002_Addtocart" time="22.694" errors="0" timestamp="29 Sep 2019 16:38:16 GMT" skipped="0">
  <testcase classname="com.Bookingshop.testcases.TC_002_Addtocart" name="Additem" time="7.806"/>
  <testcase classname="com.Bookingshop.testcases.TC_002_Addtocart" name="Addbasket" time="4.569"/>
  <testcase classname="com.Bookingshop.testcases.TC_002_Addtocart" name="imageclick" time="0.117"/>
  <testcase classname="com.Bookingshop.testcases.TC_002_Addtocart" name="popup" time="10.202"/>
</testsuite> <!-- com.Bookingshop.testcases.TC_002_Addtocart -->
