<?xml version="1.0" encoding="UTF-8"?>
<!-- Generated by org.testng.reporters.JUnitReportReporter -->
<testsuite hostname="PURNA-PC" failures="0" tests="2" name="com.Bookingshop.testcases.TC_001_Shop_verify" time="17.079" errors="0" timestamp="29 Sep 2019 16:38:16 GMT" skipped="0">
  <testcase classname="com.Bookingshop.testcases.TC_001_Shop_verify" name="Title_Verification" time="10.008"/>
  <testcase classname="com.Bookingshop.testcases.TC_001_Shop_verify" name="count_slides" time="7.071"/>
</testsuite> <!-- com.Bookingshop.testcases.TC_001_Shop_verify -->
