<?xml version="1.0" encoding="UTF-8"?>
<!-- Generated by org.testng.reporters.JUnitReportReporter -->
<testsuite hostname="PURNA-PC" failures="0" tests="1" name="com.Bookingshop.testcases.TC_003_ViewBasket" time="18.534" errors="0" timestamp="29 Sep 2019 16:38:16 GMT" skipped="0">
  <testcase classname="com.Bookingshop.testcases.TC_003_ViewBasket" name="Basket" time="18.534"/>
</testsuite> <!-- com.Bookingshop.testcases.TC_003_ViewBasket -->
