<?xml version="1.0" encoding="UTF-8"?>
<!-- Generated by org.testng.reporters.JUnitReportReporter -->
<testsuite hostname="PURNA-PC" failures="0" tests="1" name="com.Bookingshop.testcases.TC_004_Checkout" time="9.034" errors="0" timestamp="29 Sep 2019 16:38:16 GMT" skipped="0">
  <testcase classname="com.Bookingshop.testcases.TC_004_Checkout" name="checkoutpage" time="9.034"/>
</testsuite> <!-- com.Bookingshop.testcases.TC_004_Checkout -->
